info it worked if it ends with ok
verbose cli [ 'node', '/usr/bin/npm', 'install', 'fs' ]
info using npm@1.1.4
info using node@v0.6.12
verbose config file /home/ubuntu/.npmrc
verbose config file /usr/etc/npmrc
verbose config file /usr/share/npm/npmrc
verbose caching /home/ubuntu/bitstarter/package.json
verbose loadDefaults node-example@0.0.1
verbose caching /home/ubuntu/bitstarter/node_modules/express/package.json
verbose loadDefaults express@2.5.11
verbose from cache /home/ubuntu/bitstarter/package.json
verbose readDependencies: using package.json deps
verbose cache add [ 'fs', null ]
silly cache add: name, spec, args [ undefined, 'fs', [ 'fs', null ] ]
verbose parsed url { pathname: 'fs', path: 'fs', href: 'fs' }
verbose addNamed [ 'fs', '' ]
verbose addNamed [ null, '' ]
silly name, range, hasData [ 'fs', '', false ]
verbose raw, before any munging fs
verbose url resolving [ 'https://registry.npmjs.org/', './fs' ]
verbose url resolved https://registry.npmjs.org/fs
http GET https://registry.npmjs.org/fs
http 404 https://registry.npmjs.org/fs
silly get cb [ 404,
silly get cb   { server: 'CouchDB/1.3.0 (Erlang OTP/R15B03)',
silly get cb     date: 'Fri, 19 Jul 2013 15:54:35 GMT',
silly get cb     'content-type': 'application/json',
silly get cb     'content-length': '52',
silly get cb     'cache-control': 'must-revalidate' } ]
ERR! 404 'fs' is not in the npm registry.
ERR! 404 You should bug the author to publish it
ERR! 404 Note that you can also install from a
ERR! 404 tarball, folder, or http url, or git url.
ERR! 
ERR! System Linux 3.2.0-40-virtual
ERR! command "node" "/usr/bin/npm" "install" "fs"
ERR! cwd /home/ubuntu/bitstarter
ERR! node -v v0.6.12
ERR! npm -v 1.1.4
ERR! code E404
ERR! message 404 Not Found: fs
ERR! errno {}
verbose exit [ 1, true ]
